<?xml version="1.0" encoding="UTF-8"?>
<!-- Generated by org.testng.reporters.JUnitReportReporter -->
<testsuite skipped="0" hostname="DESKTOP-857J0S0" name="com.api.rupeek.base.BaseTest" tests="1" failures="0" timestamp="2020-05-21T20:19:04 IST" time="3.678" errors="0">
  <testcase name="authorization" time="3.678" classname="com.api.rupeek.base.BaseTest"/>
  <system-out/>
</testsuite> <!-- com.api.rupeek.base.BaseTest -->
