<?xml version="1.0" encoding="UTF-8"?>
<!-- Generated by org.testng.reporters.JUnitReportReporter -->
<testsuite skipped="0" hostname="DESKTOP-857J0S0" name="com.api.repeek.GET_All_Empdata" tests="1" failures="0" timestamp="2020-05-21T20:34:33 IST" time="3.808" errors="0">
  <testcase name="getSingleUser" time="3.808" classname="com.api.repeek.GET_All_Empdata"/>
  <system-out/>
</testsuite> <!-- com.api.repeek.GET_All_Empdata -->
