<?xml version="1.0" encoding="UTF-8"?>
<!-- Generated by org.testng.reporters.JUnitReportReporter -->
<testsuite skipped="0" hostname="DESKTOP-857J0S0" name="com.api.testcases.TC_004_Get_Weather_RequestDelhi" tests="1" failures="0" timestamp="2020-05-16T00:25:12 IST" time="2.911" errors="0">
  <testcase name="get_weather" time="2.911" classname="com.api.testcases.TC_004_Get_Weather_RequestDelhi"/>
  <system-out/>
</testsuite> <!-- com.api.testcases.TC_004_Get_Weather_RequestDelhi -->
