<?xml version="1.0" encoding="UTF-8"?>
<!-- Generated by org.testng.reporters.JUnitReportReporter -->
<testsuite skipped="0" hostname="DESKTOP-857J0S0" name="com.api.dataDriven.TC_002POSTCreateEmployeeXL" tests="5" failures="0" timestamp="2020-05-16T10:17:00 IST" time="7.266" errors="0">
  <testcase name="create_employee" time="0.920" classname="com.api.dataDriven.TC_002POSTCreateEmployeeXL"/>
  <system-out/>
  <testcase name="create_employee" time="0.917" classname="com.api.dataDriven.TC_002POSTCreateEmployeeXL"/>
  <system-out/>
  <testcase name="create_employee" time="0.944" classname="com.api.dataDriven.TC_002POSTCreateEmployeeXL"/>
  <system-out/>
  <testcase name="create_employee" time="3.357" classname="com.api.dataDriven.TC_002POSTCreateEmployeeXL"/>
  <system-out/>
  <testcase name="create_employee" time="1.128" classname="com.api.dataDriven.TC_002POSTCreateEmployeeXL"/>
  <system-out/>
</testsuite> <!-- com.api.dataDriven.TC_002POSTCreateEmployeeXL -->
