<?xml version="1.0" encoding="UTF-8"?>
<!-- Generated by org.testng.reporters.JUnitReportReporter -->
<testsuite skipped="0" hostname="DESKTOP-857J0S0" name="com.api.testcases.TC_006_Get_Weather_Authorization" tests="1" failures="0" timestamp="2020-05-16T00:43:32 IST" time="6.673" errors="0">
  <testcase name="get_weather" time="6.673" classname="com.api.testcases.TC_006_Get_Weather_Authorization"/>
  <system-out/>
</testsuite> <!-- com.api.testcases.TC_006_Get_Weather_Authorization -->
