<?xml version="1.0" encoding="UTF-8"?>
<!-- Generated by org.testng.reporters.JUnitReportReporter -->
<testsuite skipped="0" hostname="DESKTOP-857J0S0" name="com.api.testcases.TC_005_Get_Weather_Request3" tests="1" failures="0" timestamp="2020-05-16T00:34:05 IST" time="5.780" errors="0">
  <testcase name="get_weather" time="5.780" classname="com.api.testcases.TC_005_Get_Weather_Request3"/>
  <system-out/>
</testsuite> <!-- com.api.testcases.TC_005_Get_Weather_Request3 -->
