<?xml version="1.0" encoding="UTF-8"?>
<!-- Generated by org.testng.reporters.JUnitReportReporter -->
<testsuite skipped="0" hostname="DESKTOP-857J0S0" name="com.api.testcases.TC_001_Get_Weather_Request" tests="1" failures="0" timestamp="2020-05-15T21:36:48 IST" time="3.573" errors="0">
  <testcase name="get_weather" time="3.573" classname="com.api.testcases.TC_001_Get_Weather_Request"/>
  <system-out/>
</testsuite> <!-- com.api.testcases.TC_001_Get_Weather_Request -->
