<?xml version="1.0" encoding="UTF-8"?>
<!-- Generated by org.testng.reporters.JUnitReportReporter -->
<testsuite skipped="0" hostname="DESKTOP-857J0S0" name="com.api.testcases.TC_002_POST_Customer" tests="1" failures="0" timestamp="2020-05-15T21:59:39 IST" time="3.721" errors="0">
  <testcase name="succesfullRegister" time="3.721" classname="com.api.testcases.TC_002_POST_Customer"/>
  <system-out/>
</testsuite> <!-- com.api.testcases.TC_002_POST_Customer -->
