<?xml version="1.0" encoding="UTF-8"?>
<!-- Generated by org.testng.reporters.JUnitReportReporter -->
<testsuite skipped="0" hostname="DESKTOP-857J0S0" name="com.api.dataDriven.TC_001POSTCreateEmployee" tests="3" failures="0" timestamp="2020-05-16T09:58:14 IST" time="5.163" errors="0">
  <testcase name="create_employee" time="0.980" classname="com.api.dataDriven.TC_001POSTCreateEmployee"/>
  <system-out/>
  <testcase name="create_employee" time="0.969" classname="com.api.dataDriven.TC_001POSTCreateEmployee"/>
  <system-out/>
  <testcase name="create_employee" time="3.214" classname="com.api.dataDriven.TC_001POSTCreateEmployee"/>
  <system-out/>
</testsuite> <!-- com.api.dataDriven.TC_001POSTCreateEmployee -->
