<?xml version="1.0" encoding="UTF-8"?>
<!-- Generated by org.testng.reporters.JUnitReportReporter -->
<testsuite skipped="0" hostname="DESKTOP-857J0S0" name="com.api.tests.TC002_RegisterEmp_POST" tests="1" failures="0" timestamp="2020-05-21T19:52:08 IST" time="6.062" errors="0">
  <testcase name="post_userRequest" time="6.062" classname="com.api.tests.TC002_RegisterEmp_POST"/>
  <system-out/>
</testsuite> <!-- com.api.tests.TC002_RegisterEmp_POST -->
