<?xml version="1.0" encoding="UTF-8"?>
<!-- Generated by org.testng.reporters.JUnitReportReporter -->
<testsuite skipped="0" hostname="DESKTOP-857J0S0" name="com.api.tests.TC001_Validate_Weather" tests="1" failures="0" timestamp="2020-05-18T12:17:42 IST" time="10.763" errors="0">
  <testcase name="getWeather" time="10.763" classname="com.api.tests.TC001_Validate_Weather"/>
  <system-out/>
</testsuite> <!-- com.api.tests.TC001_Validate_Weather -->
