<?xml version="1.0" encoding="UTF-8"?>
<!-- Generated by org.testng.reporters.JUnitReportReporter -->
<testsuite skipped="0" hostname="DESKTOP-857J0S0" name="com.api.tests.TC001_Validate_Weather_GET" tests="1" failures="0" timestamp="2020-05-18T13:04:17 IST" time="5.070" errors="0">
  <testcase name="getWeather" time="5.070" classname="com.api.tests.TC001_Validate_Weather_GET"/>
  <system-out/>
</testsuite> <!-- com.api.tests.TC001_Validate_Weather_GET -->
