<?xml version="1.0" encoding="UTF-8"?>
<!-- Generated by org.testng.reporters.JUnitReportReporter -->
<testsuite skipped="0" hostname="DESKTOP-857J0S0" name="com.api.tests.TC004_DELETE_Emp" tests="1" failures="0" timestamp="2020-05-18T14:34:44 IST" time="3.711" errors="0">
  <testcase name="deleteEmp" time="3.711" classname="com.api.tests.TC004_DELETE_Emp"/>
  <system-out/>
</testsuite> <!-- com.api.tests.TC004_DELETE_Emp -->
