<?xml version="1.0" encoding="UTF-8"?>
<!-- Generated by org.testng.reporters.JUnitReportReporter -->
<testsuite skipped="0" hostname="DESKTOP-857J0S0" name="com.api.tests.TC005_Basic_validations" tests="1" failures="0" timestamp="2020-05-18T15:37:04 IST" time="3.797" errors="0">
  <testcase name="verifyMultipleresponse" time="3.797" classname="com.api.tests.TC005_Basic_validations"/>
  <system-out/>
</testsuite> <!-- com.api.tests.TC005_Basic_validations -->
