<?xml version="1.0" encoding="UTF-8"?>
<!-- Generated by org.testng.reporters.JUnitReportReporter -->
<testsuite skipped="0" hostname="DESKTOP-857J0S0" name="com.api.tests.TC003_PUTemp_data" tests="1" failures="0" timestamp="2020-05-18T14:26:16 IST" time="3.687" errors="0">
  <testcase name="empUpdate" time="3.687" classname="com.api.tests.TC003_PUTemp_data"/>
  <system-out/>
</testsuite> <!-- com.api.tests.TC003_PUTemp_data -->
