<?xml version="1.0" encoding="UTF-8"?>
<!-- Generated by org.testng.reporters.JUnitReportReporter -->
<testsuite skipped="0" hostname="DESKTOP-857J0S0" name="com.w2a.testcases.BankManagerLoginTest" tests="1" failures="0" timestamp="2020-06-05T16:45:36 IST" time="0.180" errors="0">
  <testcase name="loginAsBankManager" time="0.180" classname="com.w2a.testcases.BankManagerLoginTest"/>
  <system-out>
Login successfully as Bank manager  </system-out>
</testsuite> <!-- com.w2a.testcases.BankManagerLoginTest -->
