<?xml version="1.0" encoding="UTF-8"?>
<!-- Generated by org.testng.reporters.JUnitReportReporter -->
<testsuite skipped="0" hostname="DESKTOP-857J0S0" name="com.w2a.testcases.LoginTest" tests="1" failures="0" timestamp="2020-06-02T11:52:07 IST" time="0.178" errors="0">
  <testcase name="loginAsBankManager" time="0.178" classname="com.w2a.testcases.LoginTest"/>
  <system-out/>
</testsuite> <!-- com.w2a.testcases.LoginTest -->
