<?xml version="1.0" encoding="UTF-8"?>
<!-- Generated by org.testng.reporters.JUnitReportReporter -->
<testsuite skipped="0" hostname="DESKTOP-857J0S0" name="com.w2a.testcases.AddCustomerTest" tests="1" failures="0" timestamp="2020-06-05T16:45:36 IST" time="4.940" errors="0">
  <testcase name="addCustomer" time="4.940" classname="com.w2a.testcases.AddCustomerTest"/>
  <system-out>
HI ROHITCustomer added successfully with customer id :6  </system-out>
</testsuite> <!-- com.w2a.testcases.AddCustomerTest -->
