<?xml version="1.0" encoding="UTF-8"?>
<!-- Generated by org.testng.reporters.JUnitReportReporter -->
<testsuite skipped="0" hostname="DESKTOP-857J0S0" name="com.api.tests.ReqresApi" tests="5" failures="0" timestamp="2020-06-11T05:46:32 IST" time="10.304" errors="0">
  <testcase name="getListResource" time="0.810" classname="com.api.tests.ReqresApi"/>
  <system-out/>
  <testcase name="getAllUsers" time="4.001" classname="com.api.tests.ReqresApi"/>
  <system-out/>
  <testcase name="getSingleUser" time="0.831" classname="com.api.tests.ReqresApi"/>
  <system-out/>
  <testcase name="getSingleResource" time="0.819" classname="com.api.tests.ReqresApi"/>
  <system-out/>
  <testcase name="getDelayedResponse" time="3.843" classname="com.api.tests.ReqresApi"/>
  <system-out/>
</testsuite> <!-- com.api.tests.ReqresApi -->
