<?xml version="1.0" encoding="UTF-8"?>
<!-- Generated by org.testng.reporters.JUnitReportReporter -->
<testsuite skipped="0" hostname="DESKTOP-857J0S0" name="com.api.tests.ReqresApi_POST" tests="2" failures="0" timestamp="2020-06-11T06:33:55 IST" time="3.737" errors="0">
  <testcase name="postUser" time="3.214" classname="com.api.tests.ReqresApi_POST"/>
  <system-out/>
  <testcase name="registerSucces" time="0.523" classname="com.api.tests.ReqresApi_POST"/>
  <system-out/>
</testsuite> <!-- com.api.tests.ReqresApi_POST -->
