<?xml version="1.0" encoding="UTF-8"?>
<!-- Generated by org.testng.reporters.JUnitReportReporter -->
<testsuite skipped="0" hostname="DESKTOP-857J0S0" name="com.api.rough.TestUtils" tests="1" failures="0" timestamp="2020-06-10T21:08:59 IST" time="0.010" errors="0">
  <testcase name="envtest" time="0.010" classname="com.api.rough.TestUtils"/>
  <system-out/>
</testsuite> <!-- com.api.rough.TestUtils -->
