<?xml version="1.0" encoding="UTF-8"?>
<!-- Generated by org.testng.reporters.JUnitReportReporter -->
<testsuite skipped="0" hostname="DESKTOP-857J0S0" name="com.api.tests.ReqresApi_GET" tests="5" failures="0" timestamp="2020-06-11T06:19:28 IST" time="14.769" errors="0">
  <testcase name="getAllUsers" time="10.257" classname="com.api.tests.ReqresApi_GET"/>
  <system-out/>
  <testcase name="getListResource" time="0.177" classname="com.api.tests.ReqresApi_GET"/>
  <system-out/>
  <testcase name="getSingleUser" time="0.443" classname="com.api.tests.ReqresApi_GET"/>
  <system-out/>
  <testcase name="getDelayedResponse" time="3.724" classname="com.api.tests.ReqresApi_GET"/>
  <system-out/>
  <testcase name="getSingleResource" time="0.168" classname="com.api.tests.ReqresApi_GET"/>
  <system-out/>
</testsuite> <!-- com.api.tests.ReqresApi_GET -->
