<?xml version="1.0" encoding="UTF-8"?>
<!-- Generated by org.testng.reporters.JUnitReportReporter -->
<testsuite skipped="0" hostname="DESKTOP-857J0S0" name="com.inetBanking.testcase.TC_001_LoginTest" tests="1" failures="0" timestamp="2020-05-14T13:07:20 IST" time="2.552" errors="0">
  <testcase name="login" time="2.552" classname="com.inetBanking.testcase.TC_001_LoginTest"/>
  <system-out/>
</testsuite> <!-- com.inetBanking.testcase.TC_001_LoginTest -->
